[debug] [2021-04-16T16:54:43.331Z] ----------------------------------------------------------------------
[debug] [2021-04-16T16:54:43.333Z] Command:       /usr/local/bin/firebase /Users/samlucchese/.cache/firebase/tools/lib/node_modules/firebase-tools/lib/bin/firebase serve
[debug] [2021-04-16T16:54:43.334Z] CLI Version:   9.5.0
[debug] [2021-04-16T16:54:43.334Z] Platform:      darwin
[debug] [2021-04-16T16:54:43.334Z] Node Version:  v12.18.1
[debug] [2021-04-16T16:54:43.335Z] Time:          Fri Apr 16 2021 09:54:43 GMT-0700 (Pacific Daylight Time)
[debug] [2021-04-16T16:54:43.335Z] ----------------------------------------------------------------------
[debug] [2021-04-16T16:54:43.335Z] 
[debug] [2021-04-16T16:54:43.351Z] > command requires scopes: ["email","openid","https://www.googleapis.com/auth/cloudplatformprojects.readonly","https://www.googleapis.com/auth/firebase","https://www.googleapis.com/auth/cloud-platform"]
[debug] [2021-04-16T16:54:43.352Z] > authorizing via signed-in user
[debug] [2021-04-16T16:54:43.353Z] [iam] checking project e-cooking-app for permissions ["firebase.projects.get"]
[debug] [2021-04-16T16:54:43.355Z] > refreshing access token with scopes: ["email","https://www.googleapis.com/auth/cloud-platform","https://www.googleapis.com/auth/cloudplatformprojects.readonly","https://www.googleapis.com/auth/firebase","openid"]
[debug] [2021-04-16T16:54:43.356Z] >>> HTTP REQUEST POST https://www.googleapis.com/oauth2/v3/token  
 <request body omitted>
[debug] [2021-04-16T16:54:43.727Z] <<< HTTP RESPONSE 200 {"pragma":"no-cache","expires":"Mon, 01 Jan 1990 00:00:00 GMT","date":"Fri, 16 Apr 2021 16:54:43 GMT","cache-control":"no-cache, no-store, max-age=0, must-revalidate","content-type":"application/json; charset=utf-8","vary":"X-Origin, Referer, Origin,Accept-Encoding","server":"scaffolding on HTTPServer2","x-xss-protection":"0","x-frame-options":"SAMEORIGIN","x-content-type-options":"nosniff","alt-svc":"h3-29=\":443\"; ma=2592000,h3-T051=\":443\"; ma=2592000,h3-Q050=\":443\"; ma=2592000,h3-Q046=\":443\"; ma=2592000,h3-Q043=\":443\"; ma=2592000,quic=\":443\"; ma=2592000; v=\"46,43\"","accept-ranges":"none","transfer-encoding":"chunked"}
[debug] [2021-04-16T16:54:43.748Z] >>> HTTP REQUEST POST https://cloudresourcemanager.googleapis.com/v1/projects/e-cooking-app:testIamPermissions  
 {"permissions":["firebase.projects.get"]}
[debug] [2021-04-16T16:54:44.064Z] <<< HTTP RESPONSE 200 {"content-type":"application/json; charset=UTF-8","vary":"X-Origin, Referer, Origin,Accept-Encoding","date":"Fri, 16 Apr 2021 16:54:44 GMT","server":"ESF","cache-control":"private","x-xss-protection":"0","x-frame-options":"SAMEORIGIN","x-content-type-options":"nosniff","server-timing":"gfet4t7; dur=184","alt-svc":"h3-29=\":443\"; ma=2592000,h3-T051=\":443\"; ma=2592000,h3-Q050=\":443\"; ma=2592000,h3-Q046=\":443\"; ma=2592000,h3-Q043=\":443\"; ma=2592000,quic=\":443\"; ma=2592000; v=\"46,43\"","accept-ranges":"none","transfer-encoding":"chunked"}
[debug] [2021-04-16T16:54:44.066Z] > refreshing access token with scopes: []
[debug] [2021-04-16T16:54:44.067Z] >>> HTTP REQUEST POST https://www.googleapis.com/oauth2/v3/token  
 <request body omitted>
[debug] [2021-04-16T16:54:44.254Z] <<< HTTP RESPONSE 200 {"expires":"Mon, 01 Jan 1990 00:00:00 GMT","cache-control":"no-cache, no-store, max-age=0, must-revalidate","pragma":"no-cache","date":"Fri, 16 Apr 2021 16:54:44 GMT","content-type":"application/json; charset=utf-8","vary":"X-Origin, Referer, Origin,Accept-Encoding","server":"scaffolding on HTTPServer2","x-xss-protection":"0","x-frame-options":"SAMEORIGIN","x-content-type-options":"nosniff","alt-svc":"h3-29=\":443\"; ma=2592000,h3-T051=\":443\"; ma=2592000,h3-Q050=\":443\"; ma=2592000,h3-Q046=\":443\"; ma=2592000,h3-Q043=\":443\"; ma=2592000,quic=\":443\"; ma=2592000; v=\"46,43\"","accept-ranges":"none","transfer-encoding":"chunked"}
[debug] [2021-04-16T16:54:44.277Z] >>> [apiv2][query] GET https://firebase.googleapis.com/v1beta1/projects/e-cooking-app [none]
[debug] [2021-04-16T16:54:44.689Z] <<< [apiv2][status] GET https://firebase.googleapis.com/v1beta1/projects/e-cooking-app 200
[debug] [2021-04-16T16:54:44.689Z] <<< [apiv2][body] GET https://firebase.googleapis.com/v1beta1/projects/e-cooking-app {"projectId":"e-cooking-app","projectNumber":"173620211983","displayName":"e-cooking-app","name":"projects/e-cooking-app","resources":{"hostingSite":"e-cooking-app","storageBucket":"e-cooking-app.appspot.com","locationId":"us-central"},"state":"ACTIVE"}
[info] 
[info] === Serving from '/Users/samlucchese/Desktop/School/Classes/capstone/Code'...
[info] 
[debug] [2021-04-16T16:54:44.694Z] >>> [apiv2][query] GET https://firebase.googleapis.com/v1beta1/projects/e-cooking-app/webApps/-/config [none]
[info] ✔  functions: Using node@12 from host. {"metadata":{"emulator":{"name":"functions"},"message":"Using node@12 from host."}}
[debug] [2021-04-16T16:54:44.706Z] defaultcredentials: writing to file /Users/samlucchese/.config/firebase/samlucchese99_gmail_com_application_default_credentials.json
[debug] [2021-04-16T16:54:44.709Z] Setting GAC to /Users/samlucchese/.config/firebase/samlucchese99_gmail_com_application_default_credentials.json {"metadata":{"emulator":{"name":"functions"},"message":"Setting GAC to /Users/samlucchese/.config/firebase/samlucchese99_gmail_com_application_default_credentials.json"}}
[debug] [2021-04-16T16:54:44.710Z] >>> [apiv2][query] GET https://firebase.googleapis.com/v1beta1/projects/e-cooking-app/adminSdkConfig [none]
[debug] [2021-04-16T16:54:45.126Z] <<< [apiv2][status] GET https://firebase.googleapis.com/v1beta1/projects/e-cooking-app/adminSdkConfig 200
[debug] [2021-04-16T16:54:45.126Z] <<< [apiv2][body] GET https://firebase.googleapis.com/v1beta1/projects/e-cooking-app/adminSdkConfig {"projectId":"e-cooking-app","storageBucket":"e-cooking-app.appspot.com","locationId":"us-central"}
[debug] [2021-04-16T16:54:45.342Z] <<< [apiv2][status] GET https://firebase.googleapis.com/v1beta1/projects/e-cooking-app/webApps/-/config 200
[debug] [2021-04-16T16:54:45.342Z] <<< [apiv2][body] GET https://firebase.googleapis.com/v1beta1/projects/e-cooking-app/webApps/-/config {"projectId":"e-cooking-app","appId":"1:173620211983:web:b6ec7af3d01bca3bf34e7a","storageBucket":"e-cooking-app.appspot.com","locationId":"us-central","apiKey":"AIzaSyBprHk97jdlOKkU_f3b-J5HftVHaguY5tk","authDomain":"e-cooking-app.firebaseapp.com","messagingSenderId":"173620211983","measurementId":"G-PY8G934440"}
[info] i  functions: Watching "/Users/samlucchese/Desktop/School/Classes/capstone/Code/functions" for Cloud Functions... {"metadata":{"emulator":{"name":"functions"},"message":"Watching \"/Users/samlucchese/Desktop/School/Classes/capstone/Code/functions\" for Cloud Functions..."}}
[debug] [2021-04-16T16:54:45.396Z] [worker-pool] addWorker(~diagnostic~) {"metadata":{"emulator":{"name":"functions"},"message":"[worker-pool] addWorker(~diagnostic~)"}}
[debug] [2021-04-16T16:54:45.397Z] [worker-pool] Adding worker with key ~diagnostic~, total=1 {"metadata":{"emulator":{"name":"functions"},"message":"[worker-pool] Adding worker with key ~diagnostic~, total=1"}}
[debug] [2021-04-16T16:54:45.397Z] [worker-pool] submitWork(triggerId=) {"metadata":{"emulator":{"name":"functions"},"message":"[worker-pool] submitWork(triggerId=)"}}
[debug] [2021-04-16T16:54:45.397Z] [worker-~diagnostic~-9412426e-9be8-474e-8582-01703b02e9a9]: Assigning socketPath: /var/folders/36/jdnf4hsn0zl79g0f566g2v6m0000gn/T/fire_emu_19333.sock {"metadata":{"emulator":{"name":"functions"},"message":"[worker-~diagnostic~-9412426e-9be8-474e-8582-01703b02e9a9]: Assigning socketPath: /var/folders/36/jdnf4hsn0zl79g0f566g2v6m0000gn/T/fire_emu_19333.sock"}}
[debug] [2021-04-16T16:54:45.398Z] [worker-~diagnostic~-9412426e-9be8-474e-8582-01703b02e9a9]: BUSY {"metadata":{"emulator":{"name":"functions"},"message":"[worker-~diagnostic~-9412426e-9be8-474e-8582-01703b02e9a9]: BUSY"}}
[info] i  hosting: Serving hosting files from: public {"metadata":{"emulator":{"name":"hosting"},"message":"Serving hosting files from: \u001b[1mpublic\u001b[22m"}}
[info] ✔  hosting: Local server: http://localhost:5000 {"metadata":{"emulator":{"name":"hosting"},"message":"Local server: \u001b[4m\u001b[1mhttp://localhost:5000\u001b[22m\u001b[24m"}}
[debug] [2021-04-16T16:54:46.563Z] [runtime-status] [19333] Functions runtime initialized. {"cwd":"/Users/samlucchese/Desktop/School/Classes/capstone/Code/functions","node_version":"12.18.1"} {"metadata":{"emulator":{"name":"functions"},"message":"[runtime-status] [19333] Functions runtime initialized. {\"cwd\":\"/Users/samlucchese/Desktop/School/Classes/capstone/Code/functions\",\"node_version\":\"12.18.1\"}"}}
[debug] [2021-04-16T16:54:46.567Z] [runtime-status] [19333] Disabled runtime features: undefined {"metadata":{"emulator":{"name":"functions"},"message":"[runtime-status] [19333] Disabled runtime features: undefined"}}
[debug] [2021-04-16T16:54:46.574Z] [runtime-status] [19333] Resolved module firebase-admin {"declared":true,"installed":true,"version":"9.5.0","resolution":"/Users/samlucchese/Desktop/School/Classes/capstone/Code/functions/node_modules/firebase-admin/lib/index.js"} {"metadata":{"emulator":{"name":"functions"},"message":"[runtime-status] [19333] Resolved module firebase-admin {\"declared\":true,\"installed\":true,\"version\":\"9.5.0\",\"resolution\":\"/Users/samlucchese/Desktop/School/Classes/capstone/Code/functions/node_modules/firebase-admin/lib/index.js\"}"}}
[debug] [2021-04-16T16:54:46.582Z] [runtime-status] [19333] Resolved module firebase-functions {"declared":true,"installed":true,"version":"3.13.2","resolution":"/Users/samlucchese/Desktop/School/Classes/capstone/Code/functions/node_modules/firebase-functions/lib/index.js"} {"metadata":{"emulator":{"name":"functions"},"message":"[runtime-status] [19333] Resolved module firebase-functions {\"declared\":true,\"installed\":true,\"version\":\"3.13.2\",\"resolution\":\"/Users/samlucchese/Desktop/School/Classes/capstone/Code/functions/node_modules/firebase-functions/lib/index.js\"}"}}
[debug] [2021-04-16T16:54:46.585Z] [runtime-status] [19333] Resolved module firebase-functions {"declared":true,"installed":true,"version":"3.13.2","resolution":"/Users/samlucchese/Desktop/School/Classes/capstone/Code/functions/node_modules/firebase-functions/lib/index.js"} {"metadata":{"emulator":{"name":"functions"},"message":"[runtime-status] [19333] Resolved module firebase-functions {\"declared\":true,\"installed\":true,\"version\":\"3.13.2\",\"resolution\":\"/Users/samlucchese/Desktop/School/Classes/capstone/Code/functions/node_modules/firebase-functions/lib/index.js\"}"}}
[debug] [2021-04-16T16:54:46.587Z] [runtime-status] [19333] Outgoing network have been stubbed. [{"name":"http","status":"mocked"},{"name":"http","status":"mocked"},{"name":"https","status":"mocked"},{"name":"https","status":"mocked"},{"name":"net","status":"mocked"}] {"metadata":{"emulator":{"name":"functions"},"message":"[runtime-status] [19333] Outgoing network have been stubbed. [{\"name\":\"http\",\"status\":\"mocked\"},{\"name\":\"http\",\"status\":\"mocked\"},{\"name\":\"https\",\"status\":\"mocked\"},{\"name\":\"https\",\"status\":\"mocked\"},{\"name\":\"net\",\"status\":\"mocked\"}]"}}
[debug] [2021-04-16T16:54:46.589Z] [runtime-status] [19333] Resolved module firebase-functions {"declared":true,"installed":true,"version":"3.13.2","resolution":"/Users/samlucchese/Desktop/School/Classes/capstone/Code/functions/node_modules/firebase-functions/lib/index.js"} {"metadata":{"emulator":{"name":"functions"},"message":"[runtime-status] [19333] Resolved module firebase-functions {\"declared\":true,\"installed\":true,\"version\":\"3.13.2\",\"resolution\":\"/Users/samlucchese/Desktop/School/Classes/capstone/Code/functions/node_modules/firebase-functions/lib/index.js\"}"}}
[debug] [2021-04-16T16:54:46.707Z] [runtime-status] [19333] Checked functions.config() {"config":{}} {"metadata":{"emulator":{"name":"functions"},"message":"[runtime-status] [19333] Checked functions.config() {\"config\":{}}"}}
[debug] [2021-04-16T16:54:46.708Z] [runtime-status] [19333] firebase-functions has been stubbed. {"functionsResolution":{"declared":true,"installed":true,"version":"3.13.2","resolution":"/Users/samlucchese/Desktop/School/Classes/capstone/Code/functions/node_modules/firebase-functions/lib/index.js"}} {"metadata":{"emulator":{"name":"functions"},"message":"[runtime-status] [19333] firebase-functions has been stubbed. {\"functionsResolution\":{\"declared\":true,\"installed\":true,\"version\":\"3.13.2\",\"resolution\":\"/Users/samlucchese/Desktop/School/Classes/capstone/Code/functions/node_modules/firebase-functions/lib/index.js\"}}"}}
[debug] [2021-04-16T16:54:46.709Z] [runtime-status] [19333] Resolved module firebase-functions {"declared":true,"installed":true,"version":"3.13.2","resolution":"/Users/samlucchese/Desktop/School/Classes/capstone/Code/functions/node_modules/firebase-functions/lib/index.js"} {"metadata":{"emulator":{"name":"functions"},"message":"[runtime-status] [19333] Resolved module firebase-functions {\"declared\":true,\"installed\":true,\"version\":\"3.13.2\",\"resolution\":\"/Users/samlucchese/Desktop/School/Classes/capstone/Code/functions/node_modules/firebase-functions/lib/index.js\"}"}}
[debug] [2021-04-16T16:54:46.711Z] [runtime-status] [19333] Resolved module firebase-admin {"declared":true,"installed":true,"version":"9.5.0","resolution":"/Users/samlucchese/Desktop/School/Classes/capstone/Code/functions/node_modules/firebase-admin/lib/index.js"} {"metadata":{"emulator":{"name":"functions"},"message":"[runtime-status] [19333] Resolved module firebase-admin {\"declared\":true,\"installed\":true,\"version\":\"9.5.0\",\"resolution\":\"/Users/samlucchese/Desktop/School/Classes/capstone/Code/functions/node_modules/firebase-admin/lib/index.js\"}"}}
[debug] [2021-04-16T16:54:46.713Z] [runtime-status] [19333] Resolved module firebase-functions {"declared":true,"installed":true,"version":"3.13.2","resolution":"/Users/samlucchese/Desktop/School/Classes/capstone/Code/functions/node_modules/firebase-functions/lib/index.js"} {"metadata":{"emulator":{"name":"functions"},"message":"[runtime-status] [19333] Resolved module firebase-functions {\"declared\":true,\"installed\":true,\"version\":\"3.13.2\",\"resolution\":\"/Users/samlucchese/Desktop/School/Classes/capstone/Code/functions/node_modules/firebase-functions/lib/index.js\"}"}}
[debug] [2021-04-16T16:54:46.713Z] [runtime-status] [19333] firebase-admin has been stubbed. {"adminResolution":{"declared":true,"installed":true,"version":"9.5.0","resolution":"/Users/samlucchese/Desktop/School/Classes/capstone/Code/functions/node_modules/firebase-admin/lib/index.js"}} {"metadata":{"emulator":{"name":"functions"},"message":"[runtime-status] [19333] firebase-admin has been stubbed. {\"adminResolution\":{\"declared\":true,\"installed\":true,\"version\":\"9.5.0\",\"resolution\":\"/Users/samlucchese/Desktop/School/Classes/capstone/Code/functions/node_modules/firebase-admin/lib/index.js\"}}"}}
[debug] [2021-04-16T16:54:46.715Z] [runtime-status] [19333] initializeApp(DEFAULT) {"storageBucket":"e-cooking-app.appspot.com","projectId":"e-cooking-app"} {"metadata":{"emulator":{"name":"functions"},"message":"[runtime-status] [19333] initializeApp(DEFAULT) {\"storageBucket\":\"e-cooking-app.appspot.com\",\"projectId\":\"e-cooking-app\"}"}}
[debug] [2021-04-16T16:54:46.717Z] [worker-~diagnostic~-9412426e-9be8-474e-8582-01703b02e9a9]: IDLE {"metadata":{"emulator":{"name":"functions"},"message":"[worker-~diagnostic~-9412426e-9be8-474e-8582-01703b02e9a9]: IDLE"}}
